[08Feb2025 00:13:43.190] [Server thread/WARN] [net.minecraft.server.network.ServerGamePacketListenerImpl/]: Semen moved too quickly! 2.2056959172141433,0.0,9.850997445967351
[08Feb2025 00:25:14.856] [Server thread/INFO] [net.minecraft.server.MinecraftServer/]: [VIctorLeyva08: Summoned new entity.creaturesofruneterra.hexcore]
[08Feb2025 00:25:24.178] [Server thread/WARN] [net.minecraft.server.level.ServerLevel/]: Tried to add entity creaturesofruneterra:wviihvi but it was marked as removed already
[08Feb2025 00:25:24.178] [Server thread/INFO] [net.minecraft.server.MinecraftServer/]: [VIctorLeyva08: Summoned new entity.creaturesofruneterra.wviihvi]
[08Feb2025 00:25:26.017] [Server thread/INFO] [net.minecraft.server.players.PlayerList/]: minius_one[/127.185.3.168:37017] logged in with entity id 152953 at (1055.618531975593, 69.0, 223.67741265932202)
[08Feb2025 00:25:26.021] [Server thread/INFO] [net.minecraft.server.MinecraftServer/]: minius_one joined the game
[08Feb2025 00:25:26.074] [Server thread/INFO] [Jade/]: Syncing config to minius_one (d1f533df-2b0d-3ca3-a0ad-755c3259976c)
[08Feb2025 00:25:33.624] [Server thread/INFO] [net.minecraft.server.MinecraftServer/]: [VIctorLeyva08: Summoned new Silverwing]
[08Feb2025 00:25:43.390] [Server thread/INFO] [net.minecraft.server.MinecraftServer/]: [VIctorLeyva08: Summoned new Silverwing]
[08Feb2025 00:25:48.086] [Server thread/INFO] [net.minecraft.server.MinecraftServer/]: [VIctorLeyva08: Set own game mode to Spectator Mode]
[08Feb2025 00:26:05.957] [Server thread/INFO] [net.minecraft.server.MinecraftServer/]: [VIctorLeyva08: Set own game mode to Survival Mode]
[08Feb2025 00:26:08.175] [Server thread/INFO] [net.minecraft.server.MinecraftServer/]: [VIctorLeyva08: Summoned new Silverwing]
[08Feb2025 00:26:14.166] [Server thread/INFO] [net.minecraft.server.MinecraftServer/]: [VIctorLeyva08: Set own game mode to Creative Mode]
[08Feb2025 00:26:26.740] [Server thread/INFO] [net.minecraft.server.MinecraftServer/]: [VIctorLeyva08: Set own game mode to Survival Mode]
[08Feb2025 00:26:36.354] [Server thread/INFO] [net.minecraft.server.MinecraftServer/]: [VIctorLeyva08: Gave 200 [Raw Beef] to VIctorLeyva08]
[08Feb2025 00:26:38.324] [Server thread/WARN] [net.minecraft.server.network.ServerGamePacketListenerImpl/]: Fire Dragon (vehicle of Semen) moved too quickly! -8.808813754498033,0.0,4.959730672025785
[08Feb2025 00:26:38.324] [Server thread/WARN] [net.minecraft.server.network.ServerGamePacketListenerImpl/]: Fire Dragon (vehicle of Semen) moved too quickly! -9.814390826867339,0.0,4.3804130067081815
[08Feb2025 00:26:38.324] [Server thread/WARN] [net.minecraft.server.network.ServerGamePacketListenerImpl/]: Fire Dragon (vehicle of Semen) moved too quickly! -10.80231576819483,0.0,3.6637985592485904
[08Feb2025 00:26:38.734] [Server thread/WARN] [net.minecraft.server.network.ServerGamePacketListenerImpl/]: Fire Dragon (vehicle of Semen) moved too quickly! 7.520780756626891,0.0,6.949750161230526
[08Feb2025 00:26:38.735] [Server thread/WARN] [net.minecraft.server.network.ServerGamePacketListenerImpl/]: Fire Dragon (vehicle of Semen) moved too quickly! 7.520780756626891,0.0,6.949750161230526
[08Feb2025 00:26:38.735] [Server thread/WARN] [net.minecraft.server.network.ServerGamePacketListenerImpl/]: Fire Dragon (vehicle of Semen) moved too quickly! 7.520780756626891,0.0,6.949750161230526
[08Feb2025 00:27:23.808] [Server thread/INFO] [net.minecraft.server.MinecraftServer/]: minius_one has made the advancement [Mother of Dragons]
[08Feb2025 00:27:43.304] [Server thread/INFO] [net.minecraft.server.MinecraftServer/]: [VIctorLeyva08: Gave 1 [Flint and Steel] to VIctorLeyva08]
[08Feb2025 00:28:59.603] [Server thread/INFO] [net.minecraft.server.MinecraftServer/]: [VIctorLeyva08: Set own game mode to Creative Mode]
[08Feb2025 00:29:18.274] [Server thread/INFO] [net.minecraft.server.MinecraftServer/]: [VIctorLeyva08: Set own game mode to Survival Mode]
[08Feb2025 00:30:02.723] [Server thread/INFO] [net.minecraft.server.MinecraftServer/]: [VIctorLeyva08: Gave 1 [Saddle] to VIctorLeyva08]
[08Feb2025 00:30:42.007] [Server thread/WARN] [net.minecraft.server.network.ServerGamePacketListenerImpl/]: Fire Dragon (vehicle of Semen) moved wrongly! 0.3544368089822285
[08Feb2025 00:30:42.008] [Server thread/WARN] [net.minecraft.server.network.ServerGamePacketListenerImpl/]: Fire Dragon (vehicle of Semen) moved wrongly! 0.7486474455545249
[08Feb2025 00:30:53.286] [Server thread/WARN] [net.minecraft.server.network.ServerGamePacketListenerImpl/]: Fire Dragon (vehicle of Semen) moved too quickly! -10.06265289352882,0.0,4.590193727995029
[08Feb2025 00:31:14.904] [Server thread/WARN] [net.minecraft.server.network.ServerGamePacketListenerImpl/]: Fire Dragon (vehicle of Semen) moved too quickly! 6.088179381103373,0.0,8.603084704563173
[08Feb2025 00:31:14.905] [Server thread/WARN] [net.minecraft.server.network.ServerGamePacketListenerImpl/]: Fire Dragon (vehicle of Semen) moved too quickly! 6.516858381084376,0.0,10.14459095181121
[08Feb2025 00:31:14.905] [Server thread/WARN] [net.minecraft.server.network.ServerGamePacketListenerImpl/]: Fire Dragon (vehicle of Semen) moved too quickly! 6.770303114690705,0.0,11.69079031888981
[08Feb2025 00:31:14.905] [Server thread/WARN] [net.minecraft.server.network.ServerGamePacketListenerImpl/]: Fire Dragon (vehicle of Semen) moved too quickly! 6.869190430388244,0.0,13.241130207657676
[08Feb2025 00:31:15.134] [Server thread/WARN] [net.minecraft.server.network.ServerGamePacketListenerImpl/]: Fire Dragon (vehicle of Semen) moved too quickly! -0.9495489708231162,0.0,-10.845501518035434
[08Feb2025 00:31:15.134] [Server thread/WARN] [net.minecraft.server.network.ServerGamePacketListenerImpl/]: Fire Dragon (vehicle of Semen) moved too quickly! -0.9495489708231162,0.0,-10.845501518035434
[08Feb2025 00:31:15.134] [Server thread/WARN] [net.minecraft.server.network.ServerGamePacketListenerImpl/]: Fire Dragon (vehicle of Semen) moved too quickly! -0.9495489708231162,0.0,-10.845501518035434
[08Feb2025 00:31:15.134] [Server thread/WARN] [net.minecraft.server.network.ServerGamePacketListenerImpl/]: Fire Dragon (vehicle of Semen) moved too quickly! -0.9495489708231162,0.0,-10.845501518035434
[08Feb2025 00:31:15.153] [Server thread/WARN] [net.minecraft.server.network.ServerGamePacketListenerImpl/]: Fire Dragon (vehicle of Semen) moved too quickly! -0.8816566153009262,0.0,-10.80798506326218
[08Feb2025 00:31:18.010] [Server thread/WARN] [net.minecraft.server.network.ServerGamePacketListenerImpl/]: Fire Dragon (vehicle of Semen) moved too quickly! -10.087383404982347,0.0,-2.5886892446897605
[08Feb2025 00:31:18.010] [Server thread/WARN] [net.minecraft.server.network.ServerGamePacketListenerImpl/]: Fire Dragon (vehicle of Semen) moved too quickly! -11.724645217257375,0.0,-3.286758876557599
[08Feb2025 00:31:18.010] [Server thread/WARN] [net.minecraft.server.network.ServerGamePacketListenerImpl/]: Fire Dragon (vehicle of Semen) moved too quickly! -13.353082051962701,0.0,-4.038353072135749
[08Feb2025 00:31:18.011] [Server thread/WARN] [net.minecraft.server.network.ServerGamePacketListenerImpl/]: Fire Dragon (vehicle of Semen) moved too quickly! -14.973735892181594,0.0,-4.837156401490006
[08Feb2025 00:31:18.254] [Server thread/WARN] [net.minecraft.server.network.ServerGamePacketListenerImpl/]: Fire Dragon (vehicle of Semen) moved too quickly! 11.357544958973449,0.0,5.513023348586444
[08Feb2025 00:31:18.255] [Server thread/WARN] [net.minecraft.server.network.ServerGamePacketListenerImpl/]: Fire Dragon (vehicle of Semen) moved too quickly! 11.357544958973449,0.0,5.513023348586444
[08Feb2025 00:31:18.255] [Server thread/WARN] [net.minecraft.server.network.ServerGamePacketListenerImpl/]: Fire Dragon (vehicle of Semen) moved too quickly! 11.357544958973449,0.0,5.513023348586444
[08Feb2025 00:31:18.255] [Server thread/WARN] [net.minecraft.server.network.ServerGamePacketListenerImpl/]: Fire Dragon (vehicle of Semen) moved too quickly! 11.357544958973449,0.0,5.513023348586444
[08Feb2025 00:31:18.255] [Server thread/WARN] [net.minecraft.server.network.ServerGamePacketListenerImpl/]: Fire Dragon (vehicle of Semen) moved too quickly! 9.764006754116053,0.0,4.549691545824942
[08Feb2025 00:31:18.303] [Server thread/WARN] [net.minecraft.server.network.ServerGamePacketListenerImpl/]: Fire Dragon (vehicle of Semen) moved too quickly! 9.771819875011715,0.0,4.502264817941182
[08Feb2025 00:31:19.364] [Server thread/WARN] [net.minecraft.server.network.ServerGamePacketListenerImpl/]: Fire Dragon (vehicle of Semen) moved too quickly! -10.851023032334751,0.0,-2.9631534875249486
[08Feb2025 00:31:19.364] [Server thread/WARN] [net.minecraft.server.network.ServerGamePacketListenerImpl/]: Fire Dragon (vehicle of Semen) moved too quickly! -12.70109451981125,0.0,-3.1886932472867215
[08Feb2025 00:31:19.364] [Server thread/WARN] [net.minecraft.server.network.ServerGamePacketListenerImpl/]: Fire Dragon (vehicle of Semen) moved too quickly! -14.556994038493713,0.0,-3.3403752064905348
[08Feb2025 00:31:19.365] [Server thread/WARN] [net.minecraft.server.network.ServerGamePacketListenerImpl/]: Fire Dragon (vehicle of Semen) moved too quickly! -16.414621939056588,0.0,-3.4129204613232105
[08Feb2025 00:31:19.365] [Server thread/WARN] [net.minecraft.server.network.ServerGamePacketListenerImpl/]: Fire Dragon (vehicle of Semen) moved too quickly! -18.267032526807043,0.0,-3.395167518887604
[08Feb2025 00:31:19.404] [Server thread/WARN] [net.minecraft.server.network.ServerGamePacketListenerImpl/]: Fire Dragon (vehicle of Semen) moved too quickly! -11.10271347228047,0.0,-0.6328121589402258
[08Feb2025 00:31:19.479] [Server thread/WARN] [net.minecraft.server.network.ServerGamePacketListenerImpl/]: Fire Dragon (vehicle of Semen) moved too quickly! -12.934055228359739,0.0,-0.43615184664713524
[08Feb2025 00:31:19.553] [Server thread/WARN] [net.minecraft.server.network.ServerGamePacketListenerImpl/]: Fire Dragon (vehicle of Semen) moved too quickly! -14.754903630481067,0.0,-0.16171667992875882
[08Feb2025 00:31:19.554] [Server thread/WARN] [net.minecraft.server.network.ServerGamePacketListenerImpl/]: Fire Dragon (vehicle of Semen) moved too quickly! -16.584727166213725,0.0,0.09738573027840403
[08Feb2025 00:31:20.238] [Server thread/WARN] [net.minecraft.server.network.ServerGamePacketListenerImpl/]: Fire Dragon (vehicle of Semen) moved too quickly! -11.246796500089431,0.0,0.2914652273873344
[08Feb2025 00:31:20.238] [Server thread/WARN] [net.minecraft.server.network.ServerGamePacketListenerImpl/]: Fire Dragon (vehicle of Semen) moved too quickly! -13.137546217375188,0.0,0.22676529260405687
[08Feb2025 00:31:20.238] [Server thread/WARN] [net.minecraft.server.network.ServerGamePacketListenerImpl/]: Fire Dragon (vehicle of Semen) moved too quickly! -15.024885200351946,0.0,0.10484146819578655
[08Feb2025 00:31:20.238] [Server thread/WARN] [net.minecraft.server.network.ServerGamePacketListenerImpl/]: Fire Dragon (vehicle of Semen) moved too quickly! -16.90921640157569,0.0,-0.06755397030985932
[08Feb2025 00:31:20.518] [Server thread/WARN] [net.minecraft.server.network.ServerGamePacketListenerImpl/]: Fire Dragon (vehicle of Semen) moved too quickly! 16.938970130364282,0.0,1.8128275010909078
[08Feb2025 00:31:20.518] [Server thread/WARN] [net.minecraft.server.network.ServerGamePacketListenerImpl/]: Fire Dragon (vehicle of Semen) moved too quickly! 16.938970130364282,0.0,1.8128275010909078
[08Feb2025 00:31:20.518] [Server thread/WARN] [net.minecraft.server.network.ServerGamePacketListenerImpl/]: Fire Dragon (vehicle of Semen) moved too quickly! 16.938970130364282,0.0,1.8128275010909078
[08Feb2025 00:31:20.518] [Server thread/WARN] [net.minecraft.server.network.ServerGamePacketListenerImpl/]: Fire Dragon (vehicle of Semen) moved too quickly! 16.938970130364282,0.0,1.8128275010909078
[08Feb2025 00:31:20.554] [Server thread/WARN] [net.minecraft.server.network.ServerGamePacketListenerImpl/]: Fire Dragon (vehicle of Semen) moved too quickly! 16.93119173648904,0.0,1.84286986721429
[08Feb2025 00:31:20.604] [Server thread/WARN] [net.minecraft.server.network.ServerGamePacketListenerImpl/]: Fire Dragon (vehicle of Semen) moved too quickly! 15.053971732196146,0.0,1.4735413537972022
[08Feb2025 00:31:20.903] [Server thread/WARN] [net.minecraft.server.network.ServerGamePacketListenerImpl/]: Fire Dragon (vehicle of Semen) moved too quickly! 13.178729950677393,0.0,1.0823652494435123
[08Feb2025 00:31:20.904] [Server thread/WARN] [net.minecraft.server.network.ServerGamePacketListenerImpl/]: Fire Dragon (vehicle of Semen) moved too quickly! 11.348824525729924,0.0,0.5979117930463076
[08Feb2025 00:31:44.179] [Server thread/WARN] [net.minecraft.server.network.ServerGamePacketListenerImpl/]: Fire Dragon (vehicle of Semen) moved too quickly! 10.113570118612643,0.0,-1.8073204027200234
[08Feb2025 00:31:44.179] [Server thread/WARN] [net.minecraft.server.network.ServerGamePacketListenerImpl/]: Fire Dragon (vehicle of Semen) moved too quickly! 11.723430198209144,0.0,-2.210248371807978
[08Feb2025 00:31:50.732] [Server thread/WARN] [net.minecraft.server.network.ServerGamePacketListenerImpl/]: Fire Dragon (vehicle of Semen) moved too quickly! 1.0115135008616107,0.0,-11.236130858140768
[08Feb2025 00:31:50.733] [Server thread/WARN] [net.minecraft.server.network.ServerGamePacketListenerImpl/]: Fire Dragon (vehicle of Semen) moved too quickly! 1.3687665949289567,0.0,-11.767247461990678
[08Feb2025 00:31:50.733] [Server thread/WARN] [net.minecraft.server.network.ServerGamePacketListenerImpl/]: Fire Dragon (vehicle of Semen) moved too quickly! 1.8465618733282554,0.09799999999999898,-11.767247461990678
[08Feb2025 00:31:50.733] [Server thread/WARN] [net.minecraft.server.network.ServerGamePacketListenerImpl/]: Fire Dragon (vehicle of Semen) moved too quickly! 2.274262287264264,0.19599999999999795,-11.767247461990678
[08Feb2025 00:31:50.733] [Server thread/WARN] [net.minecraft.server.network.ServerGamePacketListenerImpl/]: Fire Dragon (vehicle of Semen) moved too quickly! 2.680770367360765,0.29399999999999693,-11.767247461990678
[08Feb2025 00:31:50.734] [Server thread/WARN] [net.minecraft.server.network.ServerGamePacketListenerImpl/]: Fire Dragon (vehicle of Semen) moved too quickly! 3.076063463943683,0.3919999999999959,-11.767247461990678
[08Feb2025 00:31:51.285] [Server thread/WARN] [net.minecraft.server.network.ServerGamePacketListenerImpl/]: Fire Dragon (vehicle of Semen) moved too quickly! -9.711260726733258,-1.05224513017545,5.867119427589358
[08Feb2025 00:31:51.285] [Server thread/WARN] [net.minecraft.server.network.ServerGamePacketListenerImpl/]: Fire Dragon (vehicle of Semen) moved too quickly! -9.711260726733258,-1.05224513017545,5.867119427589358
[08Feb2025 00:31:51.285] [Server thread/WARN] [net.minecraft.server.network.ServerGamePacketListenerImpl/]: Fire Dragon (vehicle of Semen) moved too quickly! -9.711260726733258,-1.05224513017545,5.867119427589358
[08Feb2025 00:31:51.286] [Server thread/WARN] [net.minecraft.server.network.ServerGamePacketListenerImpl/]: Fire Dragon (vehicle of Semen) moved too quickly! -9.711260726733258,-1.05224513017545,5.867119427589358
[08Feb2025 00:31:51.286] [Server thread/WARN] [net.minecraft.server.network.ServerGamePacketListenerImpl/]: Fire Dragon (vehicle of Semen) moved too quickly! -9.711260726733258,-1.05224513017545,5.867119427589358
[08Feb2025 00:31:51.286] [Server thread/WARN] [net.minecraft.server.network.ServerGamePacketListenerImpl/]: Fire Dragon (vehicle of Semen) moved too quickly! -9.711260726733258,-1.05224513017545,5.867119427589358
[08Feb2025 00:31:51.303] [Server thread/WARN] [net.minecraft.server.network.ServerGamePacketListenerImpl/]: Fire Dragon (vehicle of Semen) moved too quickly! -9.728090856760673,-1.0559804289828918,5.75893973721864
[08Feb2025 00:31:51.373] [Server thread/WARN] [net.minecraft.server.network.ServerGamePacketListenerImpl/]: Fire Dragon (vehicle of Semen) moved wrongly! 0.472250156200289
[08Feb2025 00:33:05.303] [Server thread/INFO] [net.minecraft.server.MinecraftServer/]: [VIctorLeyva08: Set own game mode to Creative Mode]
[08Feb2025 00:33:12.356] [Server thread/INFO] [net.minecraft.server.MinecraftServer/]: [VIctorLeyva08: Set own game mode to Survival Mode]
[08Feb2025 00:40:44.978] [Server thread/INFO] [net.minecraft.server.MinecraftServer/]: [VIctorLeyva08: Gave 1 [Dragon Horn] to VIctorLeyva08]
[08Feb2025 00:40:52.451] [Server thread/INFO] [net.minecraft.server.MinecraftServer/]: minius_one has made the advancement [An Ear-Shattering Roar]
[08Feb2025 00:41:53.553] [Server thread/INFO] [net.minecraft.server.network.ServerGamePacketListenerImpl/]: VIctorLeyva08 lost connection: Disconnected
[08Feb2025 00:41:53.553] [Server thread/INFO] [net.minecraft.server.MinecraftServer/]: VIctorLeyva08 left the game
[08Feb2025 00:42:32.551] [Server thread/INFO] [net.minecraft.server.network.ServerGamePacketListenerImpl/]: Semen lost connection: Disconnected
[08Feb2025 00:42:32.551] [Server thread/INFO] [net.minecraft.server.MinecraftServer/]: Semen left the game
[08Feb2025 00:42:51.402] [Server thread/INFO] [net.minecraft.server.network.ServerGamePacketListenerImpl/]: minius_one lost connection: Disconnected
[08Feb2025 00:42:51.402] [Server thread/INFO] [net.minecraft.server.MinecraftServer/]: minius_one left the game
[08Feb2025 00:43:34.842] [Server thread/INFO] [net.minecraft.server.MinecraftServer/]: Stopping the server
[08Feb2025 00:43:34.895] [Server thread/INFO] [net.minecraft.server.MinecraftServer/]: Stopping server
[08Feb2025 00:43:34.897] [Server thread/INFO] [net.minecraft.server.MinecraftServer/]: Saving players
[08Feb2025 00:43:34.897] [Server thread/INFO] [net.minecraft.server.MinecraftServer/]: Saving worlds
[08Feb2025 00:43:34.961] [Server thread/INFO] [net.minecraft.server.MinecraftServer/]: Saving chunks for level 'ServerLevel[world]'/minecraft:overworld
[08Feb2025 00:43:35.012] [Server thread/INFO] [net.minecraft.server.MinecraftServer/]: Saving chunks for level 'ServerLevel[world]'/twilightforest:twilight_forest
[08Feb2025 00:43:35.013] [Server thread/INFO] [net.minecraft.server.MinecraftServer/]: Saving chunks for level 'ServerLevel[world]'/minecraft:the_nether
[08Feb2025 00:43:35.016] [Server thread/INFO] [net.minecraft.server.MinecraftServer/]: Saving chunks for level 'ServerLevel[world]'/minecraft:the_end
[08Feb2025 00:43:35.042] [Server thread/INFO] [net.minecraft.server.MinecraftServer/]: ThreadedAnvilChunkStorage (world): All chunks are saved
[08Feb2025 00:43:35.042] [Server thread/INFO] [net.minecraft.server.MinecraftServer/]: ThreadedAnvilChunkStorage (twilight_forest): All chunks are saved
[08Feb2025 00:43:35.042] [Server thread/INFO] [net.minecraft.server.MinecraftServer/]: ThreadedAnvilChunkStorage (DIM-1): All chunks are saved
[08Feb2025 00:43:35.042] [Server thread/INFO] [net.minecraft.server.MinecraftServer/]: ThreadedAnvilChunkStorage (DIM1): All chunks are saved
[08Feb2025 00:43:35.042] [Server thread/INFO] [net.minecraft.server.MinecraftServer/]: ThreadedAnvilChunkStorage: All dimensions are saved
[08Feb2025 00:43:35.376] [Server thread/INFO] [journeymap/]: Loading JourneyMap Forge Configs
